info it worked if it ends with ok
verbose cli [ 'node', '/usr/local/bin/npm', '-g', 'install', 'jslint' ]
info using npm@1.1.16
info using node@v0.7.7
verbose config file /Users/mclion/.npmrc
verbose config file /usr/local/etc/npmrc
verbose config file /usr/local/lib/node_modules/npm/npmrc
verbose cache add [ 'jslint', null ]
silly cache add: name, spec, args [ undefined, 'jslint', [ 'jslint', null ] ]
verbose parsed url { pathname: 'jslint', path: 'jslint', href: 'jslint' }
verbose addNamed [ 'jslint', '' ]
verbose addNamed [ null, '' ]
silly name, range, hasData [ 'jslint', '', false ]
verbose raw, before any munging jslint
verbose url resolving [ 'https://registry.npmjs.org/', './jslint' ]
verbose url resolved https://registry.npmjs.org/jslint
http GET https://registry.npmjs.org/jslint
http 200 https://registry.npmjs.org/jslint
silly get cb [ 200,
silly get cb   { vary: 'Accept',
silly get cb     server: 'CouchDB/1.2.1 (Erlang OTP/R15B)',
silly get cb     etag: '"CHL8EO9BZM6P0UEF8WPGYXN40"',
silly get cb     date: 'Sun, 20 Jan 2013 17:25:39 GMT',
silly get cb     'content-type': 'application/json',
silly get cb     'content-length': '16061' } ]
silly name, range, hasData 2 [ 'jslint', '', true ]
silly versions [ 'jslint',
silly versions   [ '0.0.2',
silly versions     '0.0.3',
silly versions     '0.1.0',
silly versions     '0.1.1',
silly versions     '0.1.2',
silly versions     '0.1.3',
silly versions     '0.1.4',
silly versions     '0.1.5',
silly versions     '0.1.6',
silly versions     '0.1.8',
silly versions     '0.1.9' ] ]
verbose bin dist [ null,
verbose bin dist   { shasum: 'f2699f8fdbbb821d6084a1b222977acf0c88b932',
verbose bin dist     tarball: 'http://registry.npmjs.org/jslint/-/jslint-0.1.9.tgz' } ]
verbose addRemoteTarball [ 'https://registry.npmjs.org/jslint/-/jslint-0.1.9.tgz',
verbose addRemoteTarball   'f2699f8fdbbb821d6084a1b222977acf0c88b932' ]
verbose fetch to /var/folders/tv/xph331z90zx6kvl4rj0njdg40000gn/T/npm-1358702833000/1358702833033-0.9505345681682229/tmp.tgz
http GET https://registry.npmjs.org/jslint/-/jslint-0.1.9.tgz
http 200 https://registry.npmjs.org/jslint/-/jslint-0.1.9.tgz
silly updated sha bytes 40960
silly updated sha bytes 5322
info shasum f2699f8fdbbb821d6084a1b222977acf0c88b932
info shasum /var/folders/tv/xph331z90zx6kvl4rj0njdg40000gn/T/npm-1358702833000/1358702833033-0.9505345681682229/tmp.tgz
verbose unpack /var/folders/tv/xph331z90zx6kvl4rj0njdg40000gn/T/npm-1358702833000/1358702833033-0.9505345681682229/tmp.tgz
silly gunzTarPerm modes [ '755', '644' ]
silly extracting entry package.json
silly extracting entry .npmignore
silly extracting entry README.md
silly extracting entry LICENSE
silly extracting entry bin/jslint.js
silly extracting entry lib/color.js
silly extracting entry lib/jslint.js
silly extracting entry lib/linter.js
silly extracting entry lib/nodelint.js
silly extracting entry lib/reporter.js
silly extracting entry Makefile
verbose caching /var/folders/tv/xph331z90zx6kvl4rj0njdg40000gn/T/npm-1358702833000/1358702833033-0.9505345681682229/package/package.json
verbose loadDefaults jslint@0.1.9
verbose from cache /var/folders/tv/xph331z90zx6kvl4rj0njdg40000gn/T/npm-1358702833000/1358702833033-0.9505345681682229/package/package.json
verbose tar.pack [ '/Users/mclion/.npm/jslint/0.1.9/package.tgz',
verbose tar.pack   '/var/folders/tv/xph331z90zx6kvl4rj0njdg40000gn/T/npm-1358702833000/1358702833033-0.9505345681682229/package' ]
verbose tarball /Users/mclion/.npm/jslint/0.1.9/package.tgz
verbose folder /var/folders/tv/xph331z90zx6kvl4rj0njdg40000gn/T/npm-1358702833000/1358702833033-0.9505345681682229/package
verbose unpack /Users/mclion/.npm/jslint/0.1.9/package.tgz
silly gunzTarPerm modes [ '755', '644' ]
silly extracting entry package.json
silly extracting entry .npmignore
silly extracting entry README.md
silly extracting entry LICENSE
silly extracting entry bin/jslint.js
silly extracting entry lib/color.js
silly extracting entry lib/jslint.js
silly extracting entry lib/linter.js
silly extracting entry lib/nodelint.js
silly extracting entry lib/reporter.js
silly extracting entry Makefile
verbose caching /Users/mclion/.npm/jslint/0.1.9/package/package.json
verbose loadDefaults jslint@0.1.9
silly updated sha bytes 40960
silly updated sha bytes 5322
info shasum f2699f8fdbbb821d6084a1b222977acf0c88b932
info shasum /Users/mclion/.npm/jslint/0.1.9/package.tgz
verbose from cache /Users/mclion/.npm/jslint/0.1.9/package/package.json
verbose chmod /Users/mclion/.npm/jslint/0.1.9/package.tgz 644
verbose chown [ '/Users/mclion/.npm/jslint/0.1.9/package.tgz', 501, 20 ]
silly resolved [ { name: 'jslint',
silly resolved     description: 'The JavaScript Code Quality Tool',
silly resolved     homepage: 'https://github.com/reid/node-jslint',
silly resolved     keywords: [ 'lint' ],
silly resolved     version: '0.1.9',
silly resolved     author: { name: 'Reid Burke', email: 'me@reidburke.com' },
silly resolved     contributors: 
silly resolved      [ { name: 'Douglas Crockford', email: 'douglas@crockford.com' },
silly resolved        { name: 'Mikeal Rogers', email: 'mikeal.rogers@gmail.com' },
silly resolved        { name: 'Adam Moore' },
silly resolved        { name: 'Luke Smith', email: 'lsmith@yahoo-inc.com' },
silly resolved        { name: 'Anders Conbere', email: 'aconbere@gmail.com' } ],
silly resolved     bin: { jslint: './bin/jslint.js' },
silly resolved     main: './lib/nodelint.js',
silly resolved     dependencies: { nopt: '~1.0.0' },
silly resolved     engines: { node: '>=0.4.12' },
silly resolved     directories: { lib: './lib' },
silly resolved     repository: { type: 'git', url: 'git://github.com/reid/node-jslint.git' },
silly resolved     bugs: { url: 'https://github.com/reid/node-jslint/issues' },
silly resolved     licenses: 
silly resolved      [ { type: 'Modified MIT / BSD',
silly resolved          url: 'https://github.com/reid/node-jslint/blob/master/LICENSE' } ],
silly resolved     _id: 'jslint@0.1.9',
silly resolved     devDependencies: {},
silly resolved     optionalDependencies: {},
silly resolved     _engineSupported: true,
silly resolved     _npmVersion: '1.1.16',
silly resolved     _nodeVersion: 'v0.7.7',
silly resolved     _defaultsLoaded: true,
silly resolved     dist: { shasum: 'f2699f8fdbbb821d6084a1b222977acf0c88b932' },
silly resolved     _from: 'jslint' } ]
info into /usr/local/lib jslint@0.1.9
info installOne jslint@0.1.9
verbose from cache /Users/mclion/.npm/jslint/0.1.9/package/package.json
info unbuild /usr/local/lib/node_modules/jslint
verbose unpack /Users/mclion/.npm/jslint/0.1.9/package.tgz
silly gunzTarPerm modes [ '755', '644' ]
ERR! Error: EACCES, mkdir '/usr/local/lib/node_modules/jslint'
ERR! 
ERR! Please try running this command again as root/Administrator.
ERR! 
ERR! System Darwin 12.2.0
ERR! command "node" "/usr/local/bin/npm" "-g" "install" "jslint"
ERR! cwd /Volumes/megabob/var/www/2linesads
ERR! node -v v0.7.7
ERR! npm -v 1.1.16
ERR! path /usr/local/lib/node_modules/jslint
ERR! fstream_path /usr/local/lib/node_modules/jslint
ERR! fstream_type Directory
ERR! fstream_class DirWriter
ERR! code EACCES
ERR! message EACCES, mkdir '/usr/local/lib/node_modules/jslint'
ERR! errno {}
ERR! fstream_stack /usr/local/lib/node_modules/npm/node_modules/fstream/lib/dir-writer.js:36:23
ERR! fstream_stack Object.oncomplete (/usr/local/lib/node_modules/npm/node_modules/fstream/node_modules/mkdirp/index.js:40:17)
verbose exit [ 1, true ]
